<?xml version="1.0" encoding="UTF-8"?>
<!-- Generated by org.testng.reporters.JUnitXMLReporter -->
<testsuite ignored="0" hostname="MCKL-7604-T" failures="1" tests="1" name="Trigger history search" time="0.009" errors="0" timestamp="2023-03-30T14:52:09 IST">
  <testcase classname="testCases.TriggerHistoryTestCase" name="TriggerHistoryTest" time="0.002">
    <failure type="java.lang.Error" message="Unresolved compilation problem: 
	Unhandled exception type InterruptedException
">
      <![CDATA[java.lang.Error: Unresolved compilation problem: 
Unhandled exception type InterruptedException

at testCases.TriggerHistoryTestCase.TriggerHistoryTest(TriggerHistoryTestCase.java:35)
at java.base/java.util.ArrayList.forEach(ArrayList.java:1511)
... Removed 27 stack frames]]>
    </failure>
  </testcase> <!-- TriggerHistoryTest -->
</testsuite> <!-- Trigger history search -->
